{
  "RSpec": {
    "coverage": {
      "C:/Rails_tutorial/project/config/environment.rb": {
        "lines": [
          null,
          1,
          null,
          null,
          1
        ]
      },
      "C:/Rails_tutorial/project/config/application.rb": {
        "lines": [
          1,
          null,
          1,
          null,
          null,
          null,
          1,
          null,
          1,
          1,
          null,
          1,
          null,
          null,
          null,
          null,
          1,
          null,
          1,
          null,
          null,
          null,
          null,
          null,
          null,
          null,
          null,
          null,
          null
        ]
      },
      "C:/Rails_tutorial/project/config/boot.rb": {
        "lines": [
          1,
          null,
          1,
          1
        ]
      },
      "C:/Rails_tutorial/project/config/environments/test.rb": {
        "lines": [
          1,
          null,
          null,
          null,
          null,
          null,
          null,
          1,
          null,
          null,
          null,
          1,
          null,
          null,
          null,
          null,
          null,
          1,
          null,
          null,
          1,
          1,
          null,
          null,
          null,
          null,
          1,
          1,
          1,
          null,
          null,
          1,
          null,
          null,
          1,
          null,
          null,
          1,
          null,
          1,
          null,
          null,
          null,
          null,
          1,
          null,
          null,
          1,
          null,
          null,
          1,
          null,
          null,
          1,
          null,
          null,
          null,
          null,
          null,
          null,
          null,
          null,
          1,
          null
        ]
      },
      "C:/Rails_tutorial/project/config/initializers/assets.rb": {
        "lines": [
          null,
          null,
          null,
          1,
          null,
          null,
          null,
          null,
          null,
          null,
          null,
          null
        ]
      },
      "C:/Rails_tutorial/project/config/initializers/content_security_policy.rb": {
        "lines": [
          null,
          null,
          null,
          null,
          null,
          null,
          null,
          null,
          null,
          null,
          null,
          null,
          null,
          null,
          null,
          null,
          null,
          null,
          null,
          null,
          null,
          null,
          null,
          null,
          null
        ]
      },
      "C:/Rails_tutorial/project/config/initializers/filter_parameter_logging.rb": {
        "lines": [
          null,
          null,
          null,
          null,
          null,
          1,
          null,
          null
        ]
      },
      "C:/Rails_tutorial/project/config/initializers/inflections.rb": {
        "lines": [
          null,
          null,
          null,
          null,
          null,
          null,
          null,
          null,
          null,
          null,
          null,
          null,
          null,
          null,
          null,
          null
        ]
      },
      "C:/Rails_tutorial/project/config/initializers/permissions_policy.rb": {
        "lines": [
          null,
          null,
          null,
          null,
          null,
          null,
          null,
          null,
          null,
          null,
          null,
          null,
          null
        ]
      },
      "C:/Rails_tutorial/project/spec/factories/factory.rb": {
        "lines": [
          1,
          1,
          1,
          17,
          17,
          17,
          null,
          null,
          1,
          30,
          30,
          30,
          null,
          null,
          1,
          1,
          null,
          17,
          17,
          17,
          null,
          null
        ]
      },
      "C:/Rails_tutorial/project/config/routes.rb": {
        "lines": [
          1,
          1,
          1,
          1,
          1,
          1,
          1,
          null,
          1,
          1,
          1,
          1,
          1,
          null,
          1,
          1,
          1,
          1,
          1,
          null,
          1,
          null,
          1,
          null,
          null,
          null,
          null
        ]
      },
      "C:/Rails_tutorial/project/app/helpers/application_helper.rb": {
        "lines": [
          1,
          null
        ]
      },
      "C:/Rails_tutorial/project/app/helpers/attachments_helper.rb": {
        "lines": [
          1,
          null
        ]
      },
      "C:/Rails_tutorial/project/app/helpers/files_helper.rb": {
        "lines": [
          1,
          null
        ]
      },
      "C:/Rails_tutorial/project/app/helpers/user_helper.rb": {
        "lines": [
          1,
          null
        ]
      },
      "C:/Rails_tutorial/project/app/models/attachment.rb": {
        "lines": [
          1,
          1,
          1,
          null
        ]
      },
      "C:/Rails_tutorial/project/app/models/application_record.rb": {
        "lines": [
          1,
          1,
          null
        ]
      },
      "C:/Rails_tutorial/project/spec/requests/attachments_spec.rb": {
        "lines": [
          1,
          1,
          null,
          null,
          null,
          null,
          null,
          null,
          null,
          1,
          0,
          null,
          null,
          1,
          1,
          7,
          null,
          null,
          null,
          null,
          null,
          null,
          null,
          null,
          1,
          1,
          2,
          2,
          2,
          1,
          1,
          null,
          1,
          1,
          null,
          null,
          null,
          null,
          null,
          null,
          null,
          null,
          1,
          4,
          4,
          4,
          1,
          3,
          null,
          null,
          null,
          null,
          null,
          null,
          null,
          null,
          null,
          3,
          null,
          3,
          null,
          null,
          null,
          null,
          null,
          null,
          null,
          1,
          1,
          null,
          1,
          1,
          null,
          1,
          1,
          null,
          null,
          null,
          null,
          null,
          null,
          null,
          null,
          1,
          2,
          2,
          2,
          1,
          null,
          null,
          null,
          null,
          null,
          null,
          null,
          null,
          null,
          null,
          null,
          null,
          null,
          null,
          null,
          null,
          null,
          1,
          null,
          null,
          1,
          1,
          null,
          null,
          null,
          null,
          null,
          null,
          null,
          null,
          null,
          1,
          3,
          3,
          3,
          3,
          3,
          1,
          2,
          null,
          null,
          null,
          null,
          null,
          null,
          null,
          null,
          2,
          null,
          2,
          null,
          null,
          null,
          null,
          null,
          null,
          1,
          1,
          null,
          1,
          1,
          null,
          null,
          null,
          null
        ]
      },
      "C:/Rails_tutorial/project/spec/requests/delete_spec.rb": {
        "lines": [
          1,
          null,
          1,
          1,
          2,
          1,
          1,
          null,
          null,
          1,
          1,
          null,
          null,
          null
        ]
      },
      "C:/Rails_tutorial/project/spec/requests/get1_spec.rb": {
        "lines": [
          null,
          null,
          null,
          null,
          null,
          null,
          null,
          null,
          null,
          null,
          null,
          null,
          null,
          null,
          null,
          null
        ]
      },
      "C:/Rails_tutorial/project/spec/requests/get_spec.rb": {
        "lines": [
          1,
          null,
          1,
          1,
          null,
          1,
          2,
          2,
          null,
          1,
          1,
          null,
          1,
          1,
          null,
          null,
          null
        ]
      },
      "C:/Rails_tutorial/project/spec/requests/login_spec.rb": {
        "lines": [
          1,
          null,
          1,
          0,
          null,
          null,
          1,
          1,
          1,
          4,
          1,
          3,
          null,
          null,
          null,
          null,
          null,
          null,
          null,
          null,
          null,
          1,
          1,
          null,
          null,
          1,
          1,
          null,
          null,
          1,
          1,
          null,
          null,
          null,
          null
        ]
      },
      "C:/Rails_tutorial/project/spec/requests/patch_spec.rb": {
        "lines": [
          1,
          null,
          1,
          1,
          5,
          1,
          4,
          null,
          null,
          null,
          null,
          null,
          null,
          null,
          null,
          null,
          1,
          1,
          null,
          1,
          1,
          null,
          1,
          1,
          null,
          1,
          1,
          null,
          null,
          null
        ]
      },
      "C:/Rails_tutorial/project/spec/requests/post_spec.rb": {
        "lines": [
          1,
          null,
          1,
          0,
          null,
          1,
          1,
          1,
          5,
          1,
          4,
          null,
          null,
          null,
          null,
          null,
          null,
          null,
          null,
          1,
          1,
          null,
          1,
          1,
          null,
          1,
          1,
          null,
          1,
          1,
          null,
          null,
          null,
          null,
          null,
          null,
          null,
          null,
          null,
          null,
          null,
          null,
          null,
          null,
          null,
          null,
          null,
          null
        ]
      },
      "C:/Rails_tutorial/project/spec/requests/register_spec.rb": {
        "lines": [
          1,
          null,
          1,
          0,
          null,
          null,
          1,
          1,
          1,
          4,
          1,
          3,
          null,
          null,
          null,
          null,
          null,
          null,
          null,
          null,
          null,
          1,
          1,
          null,
          null,
          1,
          1,
          null,
          1,
          1,
          null,
          null,
          null,
          null,
          null
        ]
      },
      "C:/Rails_tutorial/project/spec/requests/weather_spec.rb": {
        "lines": [
          1,
          1,
          null,
          1,
          22,
          null,
          null,
          1,
          1,
          null,
          1,
          null,
          2,
          null,
          null,
          1,
          1,
          null,
          1,
          1,
          null,
          null,
          null,
          null
        ]
      },
      "C:/Rails_tutorial/project/spec/views/attachments/create.html.erb_spec.rb": {
        "lines": [
          1,
          null,
          1,
          1,
          null
        ]
      },
      "C:/Rails_tutorial/project/spec/views/attachments/destroy.html.erb_spec.rb": {
        "lines": [
          1,
          null,
          1,
          1,
          null
        ]
      },
      "C:/Rails_tutorial/project/spec/views/attachments/index.html.erb_spec.rb": {
        "lines": [
          1,
          null,
          1,
          1,
          null
        ]
      },
      "C:/Rails_tutorial/project/spec/views/attachments/update.html.erb_spec.rb": {
        "lines": [
          1,
          null,
          1,
          1,
          null
        ]
      },
      "C:/Rails_tutorial/project/spec/views/files/create.html.erb_spec.rb": {
        "lines": [
          1,
          null,
          1,
          1,
          null
        ]
      },
      "C:/Rails_tutorial/project/spec/views/files/destroy.html.erb_spec.rb": {
        "lines": [
          1,
          null,
          1,
          1,
          null
        ]
      },
      "C:/Rails_tutorial/project/spec/views/files/index.html.erb_spec.rb": {
        "lines": [
          1,
          null,
          1,
          1,
          null
        ]
      },
      "C:/Rails_tutorial/project/spec/views/files/update.html.erb_spec.rb": {
        "lines": [
          1,
          null,
          1,
          1,
          null
        ]
      },
      "C:/Rails_tutorial/project/app/models/user.rb": {
        "lines": [
          1,
          1,
          1,
          1,
          1,
          1,
          null
        ]
      },
      "C:/Rails_tutorial/project/app/controllers/attachments_controller.rb": {
        "lines": [
          1,
          null,
          1,
          1,
          1,
          null,
          null,
          1,
          0,
          0,
          0,
          null,
          null,
          1,
          0,
          0,
          0,
          null,
          null,
          1,
          3,
          3,
          3,
          3,
          null,
          0,
          null,
          null,
          null,
          1,
          1,
          1,
          1,
          1,
          null,
          0,
          null,
          null,
          null,
          1,
          2,
          2,
          2,
          2,
          null,
          0,
          null,
          null,
          null,
          1,
          1,
          5,
          null
        ]
      },
      "C:/Rails_tutorial/project/app/controllers/application_controller.rb": {
        "lines": [
          1,
          1,
          1,
          1,
          null,
          1,
          1,
          7,
          7,
          null,
          7,
          7,
          null,
          0,
          null,
          null,
          null,
          null
        ]
      },
      "C:/Rails_tutorial/project/lib/json_web_token.rb": {
        "lines": [
          1,
          1,
          null,
          1,
          8,
          8,
          null,
          null,
          1,
          7,
          null,
          7,
          7,
          null,
          0,
          0,
          null,
          null,
          null
        ]
      },
      "C:/Rails_tutorial/project/app/serializers/attachment_serializer.rb": {
        "lines": [
          1,
          1,
          1,
          15,
          null,
          1,
          null
        ]
      },
      "C:/Rails_tutorial/project/app/controllers/user_controller.rb": {
        "lines": [
          1,
          1,
          null,
          1,
          0,
          0,
          null,
          1,
          3,
          3,
          3,
          null,
          0,
          null,
          null,
          null,
          1,
          8,
          8,
          8,
          8,
          null,
          0,
          null,
          null,
          1,
          0,
          0,
          null,
          1,
          null,
          1,
          1,
          3,
          null,
          null
        ]
      },
      "C:/Rails_tutorial/project/app/models/task.rb": {
        "lines": [
          1,
          null
        ]
      },
      "C:/Rails_tutorial/project/app/controllers/tasks_controller.rb": {
        "lines": [
          1,
          1,
          1,
          2,
          2,
          null,
          null,
          1,
          4,
          4,
          4,
          null,
          0,
          null,
          null,
          null,
          1,
          4,
          4,
          4,
          null,
          0,
          null,
          null,
          null,
          1,
          1,
          1,
          1,
          null,
          null,
          null,
          1,
          0,
          0,
          null,
          null,
          1,
          8,
          null,
          null,
          null
        ]
      },
      "C:/Rails_tutorial/project/app/controllers/weather_controller.rb": {
        "lines": [
          1,
          1,
          1,
          null,
          2,
          2,
          2,
          null,
          0,
          null,
          null,
          null,
          null
        ]
      },
      "C:/Rails_tutorial/project/app/services/weather_service.rb": {
        "lines": [
          1,
          1,
          1,
          null,
          1,
          2,
          null,
          null,
          1,
          2,
          null,
          null,
          null,
          null,
          null,
          null,
          null,
          null,
          null,
          null,
          null,
          null,
          null,
          null
        ]
      }
    },
    "timestamp": 1710230427
  }
}
